{"C:\\Pravin\\node-workspace\\chatApp\\service\\userservice.js": {"path":"C:\\Pravin\\node-workspace\\chatApp\\service\\userservice.js","statementMap":{"0":{"start":{"line":1,"column":14},"end":{"line":1,"column":44}},"1":{"start":{"line":2,"column":18},"end":{"line":2,"column":49}},"2":{"start":{"line":4,"column":24},"end":{"line":21,"column":1}},"3":{"start":{"line":5,"column":4},"end":{"line":20,"column":6}},"4":{"start":{"line":6,"column":8},"end":{"line":19,"column":9}},"5":{"start":{"line":7,"column":12},"end":{"line":11,"column":13}},"6":{"start":{"line":12,"column":12},"end":{"line":12,"column":28}},"7":{"start":{"line":16,"column":12},"end":{"line":16,"column":39}},"8":{"start":{"line":18,"column":12},"end":{"line":18,"column":34}},"9":{"start":{"line":22,"column":12},"end":{"line":62,"column":1}},"10":{"start":{"line":23,"column":4},"end":{"line":23,"column":64}},"11":{"start":{"line":24,"column":4},"end":{"line":61,"column":6}},"12":{"start":{"line":25,"column":8},"end":{"line":60,"column":9}},"13":{"start":{"line":26,"column":12},"end":{"line":30,"column":13}},"14":{"start":{"line":31,"column":12},"end":{"line":31,"column":35}},"15":{"start":{"line":33,"column":12},"end":{"line":38,"column":13}},"16":{"start":{"line":34,"column":16},"end":{"line":37,"column":18}},"17":{"start":{"line":39,"column":12},"end":{"line":39,"column":37}},"18":{"start":{"line":40,"column":12},"end":{"line":40,"column":34}},"19":{"start":{"line":41,"column":28},"end":{"line":41,"column":57}},"20":{"start":{"line":42,"column":12},"end":{"line":42,"column":57}},"21":{"start":{"line":43,"column":12},"end":{"line":43,"column":31}},"22":{"start":{"line":44,"column":12},"end":{"line":59,"column":14}},"23":{"start":{"line":46,"column":16},"end":{"line":58,"column":17}},"24":{"start":{"line":48,"column":20},"end":{"line":52,"column":22}},"25":{"start":{"line":55,"column":20},"end":{"line":57,"column":22}},"26":{"start":{"line":64,"column":22},"end":{"line":77,"column":1}},"27":{"start":{"line":65,"column":4},"end":{"line":76,"column":6}},"28":{"start":{"line":66,"column":8},"end":{"line":75,"column":9}},"29":{"start":{"line":67,"column":12},"end":{"line":71,"column":13}},"30":{"start":{"line":72,"column":12},"end":{"line":72,"column":29}},"31":{"start":{"line":74,"column":12},"end":{"line":74,"column":45}},"32":{"start":{"line":78,"column":13},"end":{"line":94,"column":1}},"33":{"start":{"line":79,"column":4},"end":{"line":79,"column":64}},"34":{"start":{"line":80,"column":4},"end":{"line":93,"column":6}},"35":{"start":{"line":81,"column":8},"end":{"line":92,"column":9}},"36":{"start":{"line":82,"column":12},"end":{"line":86,"column":13}},"37":{"start":{"line":87,"column":12},"end":{"line":87,"column":28}},"38":{"start":{"line":89,"column":12},"end":{"line":89,"column":34}},"39":{"start":{"line":90,"column":12},"end":{"line":90,"column":37}},"40":{"start":{"line":91,"column":12},"end":{"line":91,"column":33}},"41":{"start":{"line":95,"column":17},"end":{"line":110,"column":1}},"42":{"start":{"line":96,"column":4},"end":{"line":109,"column":6}},"43":{"start":{"line":97,"column":8},"end":{"line":108,"column":9}},"44":{"start":{"line":98,"column":12},"end":{"line":102,"column":13}},"45":{"start":{"line":103,"column":12},"end":{"line":103,"column":28}},"46":{"start":{"line":105,"column":12},"end":{"line":105,"column":34}},"47":{"start":{"line":106,"column":12},"end":{"line":106,"column":37}},"48":{"start":{"line":107,"column":12},"end":{"line":107,"column":33}},"49":{"start":{"line":111,"column":0},"end":{"line":117,"column":1}}},"fnMap":{"0":{"name":"(anonymous_0)","decl":{"start":{"line":4,"column":24},"end":{"line":4,"column":25}},"loc":{"start":{"line":4,"column":48},"end":{"line":21,"column":1}},"line":4},"1":{"name":"(anonymous_1)","decl":{"start":{"line":5,"column":33},"end":{"line":5,"column":34}},"loc":{"start":{"line":5,"column":48},"end":{"line":20,"column":5}},"line":5},"2":{"name":"(anonymous_2)","decl":{"start":{"line":22,"column":12},"end":{"line":22,"column":13}},"loc":{"start":{"line":22,"column":36},"end":{"line":62,"column":1}},"line":22},"3":{"name":"(anonymous_3)","decl":{"start":{"line":24,"column":32},"end":{"line":24,"column":33}},"loc":{"start":{"line":24,"column":47},"end":{"line":61,"column":5}},"line":24},"4":{"name":"(anonymous_4)","decl":{"start":{"line":44,"column":42},"end":{"line":44,"column":43}},"loc":{"start":{"line":44,"column":57},"end":{"line":59,"column":13}},"line":44},"5":{"name":"(anonymous_5)","decl":{"start":{"line":64,"column":22},"end":{"line":64,"column":23}},"loc":{"start":{"line":64,"column":36},"end":{"line":77,"column":1}},"line":64},"6":{"name":"(anonymous_6)","decl":{"start":{"line":65,"column":28},"end":{"line":65,"column":29}},"loc":{"start":{"line":65,"column":43},"end":{"line":76,"column":5}},"line":65},"7":{"name":"(anonymous_7)","decl":{"start":{"line":78,"column":13},"end":{"line":78,"column":14}},"loc":{"start":{"line":78,"column":37},"end":{"line":94,"column":1}},"line":78},"8":{"name":"(anonymous_8)","decl":{"start":{"line":80,"column":33},"end":{"line":80,"column":34}},"loc":{"start":{"line":80,"column":48},"end":{"line":93,"column":5}},"line":80},"9":{"name":"(anonymous_9)","decl":{"start":{"line":95,"column":17},"end":{"line":95,"column":18}},"loc":{"start":{"line":95,"column":41},"end":{"line":110,"column":1}},"line":95},"10":{"name":"(anonymous_10)","decl":{"start":{"line":96,"column":33},"end":{"line":96,"column":34}},"loc":{"start":{"line":96,"column":48},"end":{"line":109,"column":5}},"line":96}},"branchMap":{"0":{"loc":{"start":{"line":6,"column":8},"end":{"line":19,"column":9}},"type":"if","locations":[{"start":{"line":6,"column":8},"end":{"line":19,"column":9}},{"start":{"line":6,"column":8},"end":{"line":19,"column":9}}],"line":6},"1":{"loc":{"start":{"line":25,"column":8},"end":{"line":60,"column":9}},"type":"if","locations":[{"start":{"line":25,"column":8},"end":{"line":60,"column":9}},{"start":{"line":25,"column":8},"end":{"line":60,"column":9}}],"line":25},"2":{"loc":{"start":{"line":33,"column":12},"end":{"line":38,"column":13}},"type":"if","locations":[{"start":{"line":33,"column":12},"end":{"line":38,"column":13}},{"start":{"line":33,"column":12},"end":{"line":38,"column":13}}],"line":33},"3":{"loc":{"start":{"line":46,"column":16},"end":{"line":58,"column":17}},"type":"if","locations":[{"start":{"line":46,"column":16},"end":{"line":58,"column":17}},{"start":{"line":46,"column":16},"end":{"line":58,"column":17}}],"line":46},"4":{"loc":{"start":{"line":66,"column":8},"end":{"line":75,"column":9}},"type":"if","locations":[{"start":{"line":66,"column":8},"end":{"line":75,"column":9}},{"start":{"line":66,"column":8},"end":{"line":75,"column":9}}],"line":66},"5":{"loc":{"start":{"line":81,"column":8},"end":{"line":92,"column":9}},"type":"if","locations":[{"start":{"line":81,"column":8},"end":{"line":92,"column":9}},{"start":{"line":81,"column":8},"end":{"line":92,"column":9}}],"line":81},"6":{"loc":{"start":{"line":97,"column":8},"end":{"line":108,"column":9}},"type":"if","locations":[{"start":{"line":97,"column":8},"end":{"line":108,"column":9}},{"start":{"line":97,"column":8},"end":{"line":108,"column":9}}],"line":97}},"s":{"0":1,"1":1,"2":1,"3":2,"4":2,"5":1,"6":1,"7":1,"8":1,"9":1,"10":3,"11":3,"12":3,"13":1,"14":1,"15":2,"16":1,"17":1,"18":1,"19":1,"20":1,"21":1,"22":1,"23":1,"24":0,"25":1,"26":1,"27":0,"28":0,"29":0,"30":0,"31":0,"32":1,"33":0,"34":0,"35":0,"36":0,"37":0,"38":0,"39":0,"40":0,"41":1,"42":0,"43":0,"44":0,"45":0,"46":0,"47":0,"48":0,"49":1},"f":{"0":2,"1":2,"2":3,"3":3,"4":1,"5":0,"6":0,"7":0,"8":0,"9":0,"10":0},"b":{"0":[1,1],"1":[1,2],"2":[1,1],"3":[0,1],"4":[0,0],"5":[0,0],"6":[0,0]},"_coverageSchema":"43e27e138ebf9cfc5966b082cf9a028302ed4184","hash":"ec9311eeb98b9acc7668fb0165b001699741fb6a"}
,"C:\\Pravin\\node-workspace\\chatApp\\utils\\cryptoUtils.js": {"path":"C:\\Pravin\\node-workspace\\chatApp\\utils\\cryptoUtils.js","statementMap":{"0":{"start":{"line":1,"column":13},"end":{"line":1,"column":30}},"1":{"start":{"line":2,"column":12},"end":{"line":2,"column":35}},"2":{"start":{"line":4,"column":17},"end":{"line":4,"column":33}},"3":{"start":{"line":6,"column":20},"end":{"line":13,"column":1}},"4":{"start":{"line":7,"column":16},"end":{"line":11,"column":6}},"5":{"start":{"line":12,"column":4},"end":{"line":12,"column":17}},"6":{"start":{"line":15,"column":18},"end":{"line":25,"column":1}},"7":{"start":{"line":16,"column":4},"end":{"line":16,"column":24}},"8":{"start":{"line":18,"column":4},"end":{"line":22,"column":5}},"9":{"start":{"line":19,"column":8},"end":{"line":19,"column":47}},"10":{"start":{"line":21,"column":8},"end":{"line":21,"column":56}},"11":{"start":{"line":23,"column":4},"end":{"line":23,"column":22}},"12":{"start":{"line":24,"column":4},"end":{"line":24,"column":16}},"13":{"start":{"line":27,"column":18},"end":{"line":32,"column":1}},"14":{"start":{"line":28,"column":16},"end":{"line":28,"column":62}},"15":{"start":{"line":29,"column":16},"end":{"line":29,"column":65}},"16":{"start":{"line":30,"column":4},"end":{"line":30,"column":32}},"17":{"start":{"line":31,"column":4},"end":{"line":31,"column":17}},"18":{"start":{"line":33,"column":18},"end":{"line":39,"column":1}},"19":{"start":{"line":34,"column":16},"end":{"line":34,"column":64}},"20":{"start":{"line":35,"column":16},"end":{"line":35,"column":49}},"21":{"start":{"line":36,"column":4},"end":{"line":36,"column":33}},"22":{"start":{"line":37,"column":4},"end":{"line":37,"column":30}},"23":{"start":{"line":38,"column":4},"end":{"line":38,"column":17}},"24":{"start":{"line":41,"column":15},"end":{"line":45,"column":1}},"25":{"start":{"line":42,"column":17},"end":{"line":42,"column":44}},"26":{"start":{"line":43,"column":4},"end":{"line":43,"column":22}},"27":{"start":{"line":44,"column":4},"end":{"line":44,"column":30}},"28":{"start":{"line":46,"column":0},"end":{"line":52,"column":1}}},"fnMap":{"0":{"name":"(anonymous_0)","decl":{"start":{"line":6,"column":20},"end":{"line":6,"column":21}},"loc":{"start":{"line":6,"column":30},"end":{"line":13,"column":1}},"line":6},"1":{"name":"(anonymous_1)","decl":{"start":{"line":15,"column":18},"end":{"line":15,"column":19}},"loc":{"start":{"line":15,"column":31},"end":{"line":25,"column":1}},"line":15},"2":{"name":"(anonymous_2)","decl":{"start":{"line":27,"column":18},"end":{"line":27,"column":19}},"loc":{"start":{"line":27,"column":28},"end":{"line":32,"column":1}},"line":27},"3":{"name":"(anonymous_3)","decl":{"start":{"line":33,"column":18},"end":{"line":33,"column":19}},"loc":{"start":{"line":33,"column":28},"end":{"line":39,"column":1}},"line":33},"4":{"name":"(anonymous_4)","decl":{"start":{"line":41,"column":15},"end":{"line":41,"column":16}},"loc":{"start":{"line":41,"column":25},"end":{"line":45,"column":1}},"line":41}},"branchMap":{},"s":{"0":1,"1":1,"2":1,"3":1,"4":1,"5":1,"6":1,"7":0,"8":0,"9":0,"10":0,"11":0,"12":0,"13":1,"14":1,"15":1,"16":1,"17":1,"18":1,"19":0,"20":0,"21":0,"22":0,"23":0,"24":1,"25":3,"26":3,"27":3,"28":1},"f":{"0":1,"1":0,"2":1,"3":0,"4":3},"b":{},"_coverageSchema":"43e27e138ebf9cfc5966b082cf9a028302ed4184","hash":"04a3bed96db9d49cc02bd3dc503451a238bc5f1d"}
}
