TN:
SF:C:\Pravin\node-workspace\chatApp\service\userservice.js
FN:4,(anonymous_0)
FN:5,(anonymous_1)
FN:22,(anonymous_2)
FN:24,(anonymous_3)
FN:44,(anonymous_4)
FN:64,(anonymous_5)
FN:65,(anonymous_6)
FN:78,(anonymous_7)
FN:80,(anonymous_8)
FN:95,(anonymous_9)
FN:96,(anonymous_10)
FNF:11
FNH:5
FNDA:2,(anonymous_0)
FNDA:2,(anonymous_1)
FNDA:3,(anonymous_2)
FNDA:3,(anonymous_3)
FNDA:1,(anonymous_4)
FNDA:0,(anonymous_5)
FNDA:0,(anonymous_6)
FNDA:0,(anonymous_7)
FNDA:0,(anonymous_8)
FNDA:0,(anonymous_9)
FNDA:0,(anonymous_10)
DA:1,1
DA:2,1
DA:4,1
DA:5,2
DA:6,2
DA:7,1
DA:12,1
DA:16,1
DA:18,1
DA:22,1
DA:23,3
DA:24,3
DA:25,3
DA:26,1
DA:31,1
DA:33,2
DA:34,1
DA:39,1
DA:40,1
DA:41,1
DA:42,1
DA:43,1
DA:44,1
DA:46,1
DA:48,0
DA:55,1
DA:64,1
DA:65,0
DA:66,0
DA:67,0
DA:72,0
DA:74,0
DA:78,1
DA:79,0
DA:80,0
DA:81,0
DA:82,0
DA:87,0
DA:89,0
DA:90,0
DA:91,0
DA:95,1
DA:96,0
DA:97,0
DA:98,0
DA:103,0
DA:105,0
DA:106,0
DA:107,0
DA:111,1
LF:50
LH:29
BRDA:6,0,0,1
BRDA:6,0,1,1
BRDA:25,1,0,1
BRDA:25,1,1,2
BRDA:33,2,0,1
BRDA:33,2,1,1
BRDA:46,3,0,0
BRDA:46,3,1,1
BRDA:66,4,0,0
BRDA:66,4,1,0
BRDA:81,5,0,0
BRDA:81,5,1,0
BRDA:97,6,0,0
BRDA:97,6,1,0
BRF:14
BRH:7
end_of_record
TN:
SF:C:\Pravin\node-workspace\chatApp\utils\cryptoUtils.js
FN:6,(anonymous_0)
FN:15,(anonymous_1)
FN:27,(anonymous_2)
FN:33,(anonymous_3)
FN:41,(anonymous_4)
FNF:5
FNH:3
FNDA:1,(anonymous_0)
FNDA:0,(anonymous_1)
FNDA:1,(anonymous_2)
FNDA:0,(anonymous_3)
FNDA:3,(anonymous_4)
DA:1,1
DA:2,1
DA:4,1
DA:6,1
DA:7,1
DA:12,1
DA:15,1
DA:16,0
DA:18,0
DA:19,0
DA:21,0
DA:23,0
DA:24,0
DA:27,1
DA:28,1
DA:29,1
DA:30,1
DA:31,1
DA:33,1
DA:34,0
DA:35,0
DA:36,0
DA:37,0
DA:38,0
DA:41,1
DA:42,3
DA:43,3
DA:44,3
DA:46,1
LF:29
LH:18
BRF:0
BRH:0
end_of_record
